-------------------------------------------------------------------------------
Test set: PublicDispatchTest
-------------------------------------------------------------------------------
Tests run: 1, Failures: 0, Errors: 1, Skipped: 0, Time elapsed: 0.007 s <<< FAILURE! -- in PublicDispatchTest
PublicDispatchTest.dispatch_assignsClosestEligibleUnit_thenLowestUnitId -- Time elapsed: 0.003 s <<< ERROR!
java.lang.UnsupportedOperationException: Not implemented yet
	at cityrescue.CityRescueImpl.initialise(CityRescueImpl.java:19)
	at PublicDispatchTest.setUp(PublicDispatchTest.java:14)
	at java.base/java.lang.reflect.Method.invoke(Method.java:568)
	at java.base/java.util.ArrayList.forEach(ArrayList.java:1511)
	at java.base/java.util.ArrayList.forEach(ArrayList.java:1511)

