<?xml version="1.0" encoding="UTF-8"?>
<testsuite xmlns:xsi="http://www.w3.org/2001/XMLSchema-instance" xsi:noNamespaceSchemaLocation="https://maven.apache.org/surefire/maven-surefire-plugin/xsd/surefire-test-report-3.0.xsd" version="3.0" name="PublicOutputFormatTest" time="0.03" tests="2" errors="2" skipped="0" failures="0">
  <properties>
[...]
</properties>
  <testcase name="getStatus_containsRequiredHeadings" classname="PublicOutputFormatTest" time="0.009">
    <error message="Not implemented yet" type="java.lang.UnsupportedOperationException"><![CDATA[java.lang.UnsupportedOperationException: Not implemented yet
	at cityrescue.CityRescueImpl.initialise(CityRescueImpl.java:19)
	at PublicOutputFormatTest.setUp(PublicOutputFormatTest.java:14)
	at java.base/java.lang.reflect.Method.invoke(Method.java:568)
	at java.base/java.util.ArrayList.forEach(ArrayList.java:1511)
	at java.base/java.util.ArrayList.forEach(ArrayList.java:1511)
]]></error>
  </testcase>
  <testcase name="viewUnit_and_viewIncident_haveStablePrefixes" classname="PublicOutputFormatTest" time="0.01">
    <error message="Not implemented yet" type="java.lang.UnsupportedOperationException"><![CDATA[java.lang.UnsupportedOperationException: Not implemented yet
	at cityrescue.CityRescueImpl.initialise(CityRescueImpl.java:19)
	at PublicOutputFormatTest.setUp(PublicOutputFormatTest.java:14)
	at java.base/java.lang.reflect.Method.invoke(Method.java:568)
	at java.base/java.util.ArrayList.forEach(ArrayList.java:1511)
	at java.base/java.util.ArrayList.forEach(ArrayList.java:1511)
]]></error>
  </testcase>
</testsuite>